<?xml version="1.0" encoding="UTF-8"?>
<testng-results ignored="0" total="1" passed="1" failed="0" skipped="0">
  <reporter-output>
  </reporter-output>
  <suite started-at="2022-04-28T19:26:04 IST" name="Surefire suite" finished-at="2022-04-28T19:26:58 IST" duration-ms="53817">
    <groups>
      <group name="cucumber">
        <method signature="AbstractTestNGCucumberTests.runScenario(io.cucumber.testng.PickleWrapper,io.cucumber.testng.FeatureWrapper)[pri:0, instance:cucumberOptions.TestNGRunner@7b02881e]" name="runScenario" class="io.cucumber.testng.AbstractTestNGCucumberTests"/>
      </group> <!-- cucumber -->
    </groups>
    <test started-at="2022-04-28T19:26:04 IST" name="Surefire test" finished-at="2022-04-28T19:26:58 IST" duration-ms="53817">
      <class name="cucumberOptions.TestNGRunner">
        <test-method is-config="true" signature="setUpClass(org.testng.ITestContext)[pri:0, instance:cucumberOptions.TestNGRunner@7b02881e]" started-at="2022-04-28T19:26:04 IST" name="setUpClass" finished-at="2022-04-28T19:26:06 IST" duration-ms="1726" status="PASS">
          <params>
            <param index="0">
              <value>
                <![CDATA[org.testng.TestRunner@56d93692]]>
              </value>
            </param>
          </params>
          <reporter-output>
          </reporter-output>
        </test-method> <!-- setUpClass -->
        <test-method signature="runScenario(io.cucumber.testng.PickleWrapper,io.cucumber.testng.FeatureWrapper)[pri:0, instance:cucumberOptions.TestNGRunner@7b02881e]" started-at="2022-04-28T19:26:06 IST" name="runScenario" description="Runs Cucumber Scenarios" data-provider="scenarios" finished-at="2022-04-28T19:26:54 IST" duration-ms="47461" status="PASS">
          <params>
            <param index="0">
              <value>
                <![CDATA["Adding product experience for product search in both home page and offer page"]]>
              </value>
            </param>
            <param index="1">
              <value>
                <![CDATA["Optional[Place order for the products.]"]]>
              </value>
            </param>
          </params>
          <reporter-output>
          </reporter-output>
        </test-method> <!-- runScenario -->
        <test-method is-config="true" signature="tearDownClass()[pri:0, instance:cucumberOptions.TestNGRunner@7b02881e]" started-at="2022-04-28T19:26:54 IST" name="tearDownClass" finished-at="2022-04-28T19:26:58 IST" duration-ms="4597" status="PASS">
          <reporter-output>
          </reporter-output>
        </test-method> <!-- tearDownClass -->
      </class> <!-- cucumberOptions.TestNGRunner -->
    </test> <!-- Surefire test -->
  </suite> <!-- Surefire suite -->
</testng-results>
